TN:
SF:src/bot/bot.ts
FN:72,createDevWallet
FN:90,initDevWallet
FN:110,(anonymous_12)
FN:151,getMainMenuKeyboard
FN:160,getWalletsMenuKeyboard
FN:171,getLaunchMenuKeyboard
FN:181,getEditLaunchMenuKeyboard
FN:191,(anonymous_17)
FN:213,(anonymous_18)
FN:229,(anonymous_19)
FN:244,(anonymous_20)
FN:259,(anonymous_21)
FN:265,(anonymous_22)
FN:298,(anonymous_23)
FN:323,(anonymous_24)
FN:350,(anonymous_25)
FN:370,(anonymous_26)
FN:398,(anonymous_27)
FN:410,(anonymous_28)
FN:423,(anonymous_29)
FN:455,(anonymous_30)
FN:479,(anonymous_31)
FN:501,(anonymous_32)
FN:520,(anonymous_33)
FN:526,(anonymous_34)
FN:549,(anonymous_35)
FN:553,(anonymous_36)
FN:557,(anonymous_37)
FN:562,(anonymous_38)
FN:591,(anonymous_39)
FN:625,(anonymous_40)
FN:659,handleWalletCreationResult
FN:709,parseWalletsCsv
FN:710,(anonymous_43)
FN:714,(anonymous_44)
FN:715,(anonymous_45)
FN:721,(anonymous_46)
FN:731,(anonymous_47)
FN:744,createEmptyTokenData
FN:753,(anonymous_49)
FN:782,(anonymous_50)
FN:813,(anonymous_51)
FN:833,(anonymous_52)
FN:866,(anonymous_53)
FN:892,(anonymous_54)
FN:935,(anonymous_55)
FN:1022,(anonymous_56)
FN:1227,(anonymous_57)
FN:1244,(anonymous_58)
FN:1245,(anonymous_59)
FN:1255,(anonymous_60)
FN:1264,(anonymous_61)
FN:1510,(anonymous_62)
FN:1546,(anonymous_63)
FN:1567,(anonymous_64)
FN:1581,(anonymous_65)
FN:1591,(anonymous_66)
FN:1644,(anonymous_67)
FN:1700,generateTokenSummary
FN:1713,downloadImage
FN:1720,processImage
FN:1763,imageBufferToDataUri
FN:1770,(anonymous_72)
FN:1882,(anonymous_73)
FN:1894,(anonymous_74)
FN:1925,(anonymous_75)
FN:1948,(anonymous_76)
FN:2008,(anonymous_77)
FN:2029,(anonymous_78)
FN:2038,(anonymous_79)
FN:2057,(anonymous_80)
FN:2063,(anonymous_81)
FN:2064,(anonymous_82)
FN:2067,(anonymous_83)
FNF:74
FNH:0
FNDA:0,createDevWallet
FNDA:0,initDevWallet
FNDA:0,(anonymous_12)
FNDA:0,getMainMenuKeyboard
FNDA:0,getWalletsMenuKeyboard
FNDA:0,getLaunchMenuKeyboard
FNDA:0,getEditLaunchMenuKeyboard
FNDA:0,(anonymous_17)
FNDA:0,(anonymous_18)
FNDA:0,(anonymous_19)
FNDA:0,(anonymous_20)
FNDA:0,(anonymous_21)
FNDA:0,(anonymous_22)
FNDA:0,(anonymous_23)
FNDA:0,(anonymous_24)
FNDA:0,(anonymous_25)
FNDA:0,(anonymous_26)
FNDA:0,(anonymous_27)
FNDA:0,(anonymous_28)
FNDA:0,(anonymous_29)
FNDA:0,(anonymous_30)
FNDA:0,(anonymous_31)
FNDA:0,(anonymous_32)
FNDA:0,(anonymous_33)
FNDA:0,(anonymous_34)
FNDA:0,(anonymous_35)
FNDA:0,(anonymous_36)
FNDA:0,(anonymous_37)
FNDA:0,(anonymous_38)
FNDA:0,(anonymous_39)
FNDA:0,(anonymous_40)
FNDA:0,handleWalletCreationResult
FNDA:0,parseWalletsCsv
FNDA:0,(anonymous_43)
FNDA:0,(anonymous_44)
FNDA:0,(anonymous_45)
FNDA:0,(anonymous_46)
FNDA:0,(anonymous_47)
FNDA:0,createEmptyTokenData
FNDA:0,(anonymous_49)
FNDA:0,(anonymous_50)
FNDA:0,(anonymous_51)
FNDA:0,(anonymous_52)
FNDA:0,(anonymous_53)
FNDA:0,(anonymous_54)
FNDA:0,(anonymous_55)
FNDA:0,(anonymous_56)
FNDA:0,(anonymous_57)
FNDA:0,(anonymous_58)
FNDA:0,(anonymous_59)
FNDA:0,(anonymous_60)
FNDA:0,(anonymous_61)
FNDA:0,(anonymous_62)
FNDA:0,(anonymous_63)
FNDA:0,(anonymous_64)
FNDA:0,(anonymous_65)
FNDA:0,(anonymous_66)
FNDA:0,(anonymous_67)
FNDA:0,generateTokenSummary
FNDA:0,downloadImage
FNDA:0,processImage
FNDA:0,imageBufferToDataUri
FNDA:0,(anonymous_72)
FNDA:0,(anonymous_73)
FNDA:0,(anonymous_74)
FNDA:0,(anonymous_75)
FNDA:0,(anonymous_76)
FNDA:0,(anonymous_77)
FNDA:0,(anonymous_78)
FNDA:0,(anonymous_79)
FNDA:0,(anonymous_80)
FNDA:0,(anonymous_81)
FNDA:0,(anonymous_82)
FNDA:0,(anonymous_83)
DA:1,0
DA:3,0
DA:4,0
DA:5,0
DA:6,0
DA:7,0
DA:8,0
DA:9,0
DA:10,0
DA:11,0
DA:12,0
DA:14,0
DA:15,0
DA:17,0
DA:19,0
DA:20,0
DA:23,0
DA:24,0
DA:25,0
DA:26,0
DA:27,0
DA:28,0
DA:69,0
DA:73,0
DA:74,0
DA:75,0
DA:81,0
DA:84,0
DA:86,0
DA:91,0
DA:93,0
DA:94,0
DA:95,0
DA:96,0
DA:97,0
DA:98,0
DA:99,0
DA:100,0
DA:103,0
DA:106,0
DA:110,0
DA:111,0
DA:112,0
DA:116,0
DA:123,0
DA:134,0
DA:143,0
DA:152,0
DA:161,0
DA:172,0
DA:182,0
DA:191,0
DA:192,0
DA:194,0
DA:196,0
DA:197,0
DA:200,0
DA:204,0
DA:207,0
DA:208,0
DA:213,0
DA:214,0
DA:223,0
DA:229,0
DA:230,0
DA:238,0
DA:244,0
DA:245,0
DA:252,0
DA:259,0
DA:260,0
DA:261,0
DA:265,0
DA:266,0
DA:268,0
DA:269,0
DA:270,0
DA:272,0
DA:279,0
DA:282,0
DA:283,0
DA:288,0
DA:291,0
DA:293,0
DA:294,0
DA:298,0
DA:299,0
DA:301,0
DA:302,0
DA:303,0
DA:304,0
DA:306,0
DA:312,0
DA:318,0
DA:319,0
DA:323,0
DA:324,0
DA:326,0
DA:327,0
DA:328,0
DA:329,0
DA:331,0
DA:338,0
DA:345,0
DA:346,0
DA:350,0
DA:351,0
DA:353,0
DA:354,0
DA:356,0
DA:362,0
DA:370,0
DA:371,0
DA:373,0
DA:374,0
DA:375,0
DA:377,0
DA:381,0
DA:382,0
DA:388,0
DA:391,0
DA:393,0
DA:394,0
DA:398,0
DA:399,0
DA:401,0
DA:402,0
DA:404,0
DA:405,0
DA:406,0
DA:409,0
DA:410,0
DA:411,0
DA:412,0
DA:415,0
DA:417,0
DA:418,0
DA:423,0
DA:424,0
DA:425,0
DA:427,0
DA:428,0
DA:429,0
DA:430,0
DA:435,0
DA:437,0
DA:448,0
DA:450,0
DA:451,0
DA:455,0
DA:456,0
DA:458,0
DA:459,0
DA:474,0
DA:475,0
DA:479,0
DA:480,0
DA:481,0
DA:482,0
DA:484,0
DA:488,0
DA:494,0
DA:496,0
DA:497,0
DA:501,0
DA:502,0
DA:504,0
DA:505,0
DA:506,0
DA:509,0
DA:510,0
DA:512,0
DA:513,0
DA:515,0
DA:516,0
DA:517,0
DA:520,0
DA:521,0
DA:524,0
DA:526,0
DA:527,0
DA:528,0
DA:529,0
DA:531,0
DA:532,0
DA:533,0
DA:534,0
DA:537,0
DA:539,0
DA:543,0
DA:544,0
DA:549,0
DA:550,0
DA:553,0
DA:554,0
DA:557,0
DA:558,0
DA:562,0
DA:563,0
DA:565,0
DA:566,0
DA:567,0
DA:569,0
DA:573,0
DA:574,0
DA:580,0
DA:583,0
DA:585,0
DA:586,0
DA:591,0
DA:592,0
DA:594,0
DA:595,0
DA:596,0
DA:598,0
DA:605,0
DA:608,0
DA:609,0
DA:614,0
DA:617,0
DA:619,0
DA:620,0
DA:625,0
DA:626,0
DA:628,0
DA:629,0
DA:631,0
DA:632,0
DA:634,0
DA:635,0
DA:641,0
DA:642,0
DA:643,0
DA:647,0
DA:650,0
DA:651,0
DA:653,0
DA:654,0
DA:660,0
DA:662,0
DA:667,0
DA:668,0
DA:669,0
DA:673,0
DA:677,0
DA:678,0
DA:680,0
DA:681,0
DA:683,0
DA:691,0
DA:692,0
DA:695,0
DA:696,0
DA:698,0
DA:699,0
DA:705,0
DA:710,0
DA:711,0
DA:712,0
DA:714,0
DA:715,0
DA:721,0
DA:722,0
DA:723,0
DA:725,0
DA:726,0
DA:727,0
DA:730,0
DA:731,0
DA:732,0
DA:733,0
DA:736,0
DA:738,0
DA:739,0
DA:745,0
DA:753,0
DA:754,0
DA:756,0
DA:757,0
DA:760,0
DA:762,0
DA:764,0
DA:770,0
DA:776,0
DA:777,0
DA:782,0
DA:783,0
DA:785,0
DA:786,0
DA:789,0
DA:791,0
DA:793,0
DA:800,0
DA:807,0
DA:808,0
DA:813,0
DA:814,0
DA:815,0
DA:817,0
DA:818,0
DA:819,0
DA:822,0
DA:829,0
DA:833,0
DA:834,0
DA:835,0
DA:837,0
DA:838,0
DA:839,0
DA:840,0
DA:845,0
DA:847,0
DA:858,0
DA:860,0
DA:861,0
DA:866,0
DA:867,0
DA:869,0
DA:870,0
DA:886,0
DA:887,0
DA:892,0
DA:893,0
DA:894,0
DA:895,0
DA:896,0
DA:897,0
DA:900,0
DA:901,0
DA:912,0
DA:917,0
DA:922,0
DA:935,0
DA:936,0
DA:937,0
DA:939,0
DA:940,0
DA:942,0
DA:944,0
DA:946,0
DA:947,0
DA:949,0
DA:950,0
DA:951,0
DA:953,0
DA:957,0
DA:959,0
DA:963,0
DA:965,0
DA:968,0
DA:969,0
DA:970,0
DA:971,0
DA:974,0
DA:976,0
DA:977,0
DA:978,0
DA:981,0
DA:982,0
DA:983,0
DA:984,0
DA:985,0
DA:986,0
DA:987,0
DA:992,0
DA:993,0
DA:995,0
DA:996,0
DA:997,0
DA:998,0
DA:999,0
DA:1000,0
DA:1001,0
DA:1002,0
DA:1003,0
DA:1004,0
DA:1009,0
DA:1017,0
DA:1018,0
DA:1019,0
DA:1020,0
DA:1021,0
DA:1022,0
DA:1023,0
DA:1026,0
DA:1040,0
DA:1041,0
DA:1043,0
DA:1045,0
DA:1049,0
DA:1050,0
DA:1052,0
DA:1053,0
DA:1054,0
DA:1055,0
DA:1058,0
DA:1060,0
DA:1063,0
DA:1066,0
DA:1067,0
DA:1069,0
DA:1070,0
DA:1076,0
DA:1080,0
DA:1086,0
DA:1087,0
DA:1088,0
DA:1089,0
DA:1091,0
DA:1098,0
DA:1099,0
DA:1101,0
DA:1104,0
DA:1106,0
DA:1107,0
DA:1110,0
DA:1117,0
DA:1122,0
DA:1124,0
DA:1127,0
DA:1128,0
DA:1129,0
DA:1131,0
DA:1132,0
DA:1133,0
DA:1136,0
DA:1137,0
DA:1138,0
DA:1139,0
DA:1142,0
DA:1144,0
DA:1146,0
DA:1147,0
DA:1148,0
DA:1152,0
DA:1159,0
DA:1160,0
DA:1161,0
DA:1162,0
DA:1163,0
DA:1165,0
DA:1173,0
DA:1176,0
DA:1177,0
DA:1179,0
DA:1180,0
DA:1183,0
DA:1184,0
DA:1185,0
DA:1186,0
DA:1189,0
DA:1192,0
DA:1200,0
DA:1202,0
DA:1206,0
DA:1207,0
DA:1208,0
DA:1209,0
DA:1210,0
DA:1212,0
DA:1213,0
DA:1214,0
DA:1216,0
DA:1217,0
DA:1220,0
DA:1221,0
DA:1222,0
DA:1224,0
DA:1225,0
DA:1228,0
DA:1229,0
DA:1230,0
DA:1237,0
DA:1241,0
DA:1244,0
DA:1245,0
DA:1246,0
DA:1248,0
DA:1249,0
DA:1250,0
DA:1251,0
DA:1253,0
DA:1254,0
DA:1255,0
DA:1256,0
DA:1257,0
DA:1262,0
DA:1263,0
DA:1264,0
DA:1265,0
DA:1266,0
DA:1271,0
DA:1273,0
DA:1281,0
DA:1283,0
DA:1284,0
DA:1287,0
DA:1288,0
DA:1289,0
DA:1291,0
DA:1295,0
DA:1296,0
DA:1298,0
DA:1299,0
DA:1302,0
DA:1304,0
DA:1305,0
DA:1306,0
DA:1307,0
DA:1310,0
DA:1312,0
DA:1315,0
DA:1318,0
DA:1319,0
DA:1321,0
DA:1322,0
DA:1328,0
DA:1331,0
DA:1332,0
DA:1335,0
DA:1336,0
DA:1337,0
DA:1340,0
DA:1341,0
DA:1342,0
DA:1343,0
DA:1346,0
DA:1348,0
DA:1355,0
DA:1356,0
DA:1363,0
DA:1365,0
DA:1368,0
DA:1369,0
DA:1370,0
DA:1372,0
DA:1373,0
DA:1374,0
DA:1375,0
DA:1378,0
DA:1379,0
DA:1380,0
DA:1383,0
DA:1384,0
DA:1385,0
DA:1386,0
DA:1388,0
DA:1389,0
DA:1390,0
DA:1391,0
DA:1394,0
DA:1395,0
DA:1396,0
DA:1398,0
DA:1399,0
DA:1400,0
DA:1401,0
DA:1404,0
DA:1405,0
DA:1406,0
DA:1408,0
DA:1409,0
DA:1410,0
DA:1411,0
DA:1414,0
DA:1415,0
DA:1416,0
DA:1418,0
DA:1419,0
DA:1420,0
DA:1421,0
DA:1424,0
DA:1425,0
DA:1426,0
DA:1428,0
DA:1429,0
DA:1430,0
DA:1444,0
DA:1446,0
DA:1447,0
DA:1451,0
DA:1452,0
DA:1453,0
DA:1454,0
DA:1455,0
DA:1459,0
DA:1460,0
DA:1461,0
DA:1462,0
DA:1464,0
DA:1465,0
DA:1466,0
DA:1469,0
DA:1470,0
DA:1471,0
DA:1472,0
DA:1473,0
DA:1477,0
DA:1478,0
DA:1479,0
DA:1480,0
DA:1481,0
DA:1482,0
DA:1487,0
DA:1488,0
DA:1489,0
DA:1490,0
DA:1492,0
DA:1500,0
DA:1501,0
DA:1503,0
DA:1504,0
DA:1505,0
DA:1509,0
DA:1510,0
DA:1511,0
DA:1512,0
DA:1519,0
DA:1523,0
DA:1525,0
DA:1528,0
DA:1529,0
DA:1530,0
DA:1531,0
DA:1537,0
DA:1541,0
DA:1544,0
DA:1545,0
DA:1546,0
DA:1547,0
DA:1550,0
DA:1552,0
DA:1553,0
DA:1560,0
DA:1561,0
DA:1562,0
DA:1567,0
DA:1568,0
DA:1569,0
DA:1571,0
DA:1577,0
DA:1581,0
DA:1582,0
DA:1583,0
DA:1584,0
DA:1586,0
DA:1591,0
DA:1592,0
DA:1593,0
DA:1595,0
DA:1596,0
DA:1597,0
DA:1598,0
DA:1601,0
DA:1602,0
DA:1605,0
DA:1606,0
DA:1607,0
DA:1608,0
DA:1610,0
DA:1611,0
DA:1614,0
DA:1616,0
DA:1618,0
DA:1620,0
DA:1635,0
DA:1636,0
DA:1644,0
DA:1645,0
DA:1646,0
DA:1648,0
DA:1649,0
DA:1650,0
DA:1651,0
DA:1654,0
DA:1655,0
DA:1658,0
DA:1659,0
DA:1660,0
DA:1661,0
DA:1662,0
DA:1665,0
DA:1666,0
DA:1667,0
DA:1670,0
DA:1672,0
DA:1674,0
DA:1676,0
DA:1691,0
DA:1692,0
DA:1701,0
DA:1714,0
DA:1715,0
DA:1716,0
DA:1721,0
DA:1726,0
DA:1738,0
DA:1739,0
DA:1742,0
DA:1743,0
DA:1744,0
DA:1755,0
DA:1757,0
DA:1758,0
DA:1764,0
DA:1765,0
DA:1766,0
DA:1770,0
DA:1771,0
DA:1772,0
DA:1773,0
DA:1774,0
DA:1777,0
DA:1778,0
DA:1779,0
DA:1780,0
DA:1783,0
DA:1786,0
DA:1787,0
DA:1791,0
DA:1794,0
DA:1795,0
DA:1797,0
DA:1798,0
DA:1807,0
DA:1820,0
DA:1823,0
DA:1826,0
DA:1827,0
DA:1828,0
DA:1829,0
DA:1831,0
DA:1832,0
DA:1835,0
DA:1836,0
DA:1838,0
DA:1841,0
DA:1842,0
DA:1844,0
DA:1852,0
DA:1864,0
DA:1865,0
DA:1867,0
DA:1868,0
DA:1870,0
DA:1873,0
DA:1876,0
DA:1877,0
DA:1882,0
DA:1883,0
DA:1884,0
DA:1885,0
DA:1886,0
DA:1889,0
DA:1890,0
DA:1894,0
DA:1895,0
DA:1896,0
DA:1897,0
DA:1898,0
DA:1901,0
DA:1902,0
DA:1903,0
DA:1904,0
DA:1908,0
DA:1925,0
DA:1926,0
DA:1928,0
DA:1929,0
DA:1930,0
DA:1931,0
DA:1932,0
DA:1933,0
DA:1934,0
DA:1936,0
DA:1937,0
DA:1938,0
DA:1939,0
DA:1941,0
DA:1942,0
DA:1944,0
DA:1948,0
DA:1949,0
DA:1950,0
DA:1951,0
DA:1952,0
DA:1955,0
DA:1956,0
DA:1957,0
DA:1958,0
DA:1961,0
DA:1962,0
DA:1963,0
DA:1964,0
DA:1967,0
DA:1968,0
DA:1969,0
DA:1971,0
DA:1972,0
DA:1973,0
DA:1974,0
DA:1975,0
DA:1976,0
DA:1979,0
DA:1986,0
DA:1987,0
DA:1990,0
DA:1997,0
DA:1998,0
DA:2003,0
DA:2004,0
DA:2005,0
DA:2006,0
DA:2007,0
DA:2008,0
DA:2009,0
DA:2010,0
DA:2014,0
DA:2022,0
DA:2024,0
DA:2025,0
DA:2029,0
DA:2030,0
DA:2031,0
DA:2032,0
DA:2034,0
DA:2038,0
DA:2039,0
DA:2040,0
DA:2043,0
DA:2044,0
DA:2045,0
DA:2048,0
DA:2049,0
DA:2052,0
DA:2054,0
DA:2055,0
DA:2058,0
DA:2059,0
DA:2063,0
DA:2064,0
DA:2067,0
DA:2068,0
DA:2069,0
DA:2070,0
DA:2071,0
DA:2072,0
DA:2073,0
DA:2075,0
DA:2076,0
DA:2078,0
DA:2079,0
DA:2080,0
DA:2083,0
LF:854
LH:0
BRDA:19,0,0,0
BRDA:94,1,0,0
BRDA:282,2,0,0
BRDA:282,2,1,0
BRDA:354,3,0,0
BRDA:381,4,0,0
BRDA:381,4,1,0
BRDA:404,5,0,0
BRDA:504,6,0,0
BRDA:515,7,0,0
BRDA:533,8,0,0
BRDA:533,8,1,0
BRDA:573,9,0,0
BRDA:573,9,1,0
BRDA:608,10,0,0
BRDA:608,10,1,0
BRDA:631,11,0,0
BRDA:634,12,0,0
BRDA:647,13,0,0
BRDA:647,13,1,0
BRDA:667,14,0,0
BRDA:667,15,0,0
BRDA:667,15,1,0
BRDA:691,16,0,0
BRDA:691,16,1,0
BRDA:691,17,0,0
BRDA:691,17,1,0
BRDA:691,17,2,0
BRDA:695,18,0,0
BRDA:695,19,0,0
BRDA:695,19,1,0
BRDA:698,20,0,0
BRDA:725,21,0,0
BRDA:817,22,0,0
BRDA:895,23,0,0
BRDA:900,24,0,0
BRDA:900,24,1,0
BRDA:937,25,0,0
BRDA:940,26,0,0
BRDA:946,27,0,0
BRDA:947,28,0,0
BRDA:947,28,1,0
BRDA:969,29,0,0
BRDA:969,30,0,0
BRDA:969,30,1,0
BRDA:969,30,2,0
BRDA:982,31,0,0
BRDA:985,32,0,0
BRDA:993,33,0,0
BRDA:996,34,0,0
BRDA:999,35,0,0
BRDA:1004,36,0,0
BRDA:1049,37,0,0
BRDA:1050,38,0,0
BRDA:1050,38,1,0
BRDA:1050,38,2,0
BRDA:1053,39,0,0
BRDA:1053,40,0,0
BRDA:1053,40,1,0
BRDA:1053,40,2,0
BRDA:1069,41,0,0
BRDA:1127,42,0,0
BRDA:1127,43,0,0
BRDA:1127,43,1,0
BRDA:1127,43,2,0
BRDA:1131,44,0,0
BRDA:1137,45,0,0
BRDA:1137,46,0,0
BRDA:1137,46,1,0
BRDA:1147,47,0,0
BRDA:1179,48,0,0
BRDA:1179,48,1,0
BRDA:1183,49,0,0
BRDA:1206,50,0,0
BRDA:1206,51,0,0
BRDA:1206,51,1,0
BRDA:1253,52,0,0
BRDA:1256,53,0,0
BRDA:1262,54,0,0
BRDA:1265,55,0,0
BRDA:1295,56,0,0
BRDA:1298,57,0,0
BRDA:1302,58,0,0
BRDA:1302,58,1,0
BRDA:1302,58,2,0
BRDA:1302,58,3,0
BRDA:1302,58,4,0
BRDA:1302,58,5,0
BRDA:1302,58,6,0
BRDA:1305,59,0,0
BRDA:1305,60,0,0
BRDA:1305,60,1,0
BRDA:1305,60,2,0
BRDA:1321,61,0,0
BRDA:1340,62,0,0
BRDA:1340,62,1,0
BRDA:1341,63,0,0
BRDA:1368,64,0,0
BRDA:1378,65,0,0
BRDA:1384,66,0,0
BRDA:1394,67,0,0
BRDA:1404,68,0,0
BRDA:1404,69,0,0
BRDA:1404,69,1,0
BRDA:1408,70,0,0
BRDA:1408,70,1,0
BRDA:1410,71,0,0
BRDA:1410,71,1,0
BRDA:1414,72,0,0
BRDA:1414,73,0,0
BRDA:1414,73,1,0
BRDA:1418,74,0,0
BRDA:1418,74,1,0
BRDA:1420,75,0,0
BRDA:1420,75,1,0
BRDA:1424,76,0,0
BRDA:1424,77,0,0
BRDA:1424,77,1,0
BRDA:1428,78,0,0
BRDA:1428,78,1,0
BRDA:1431,79,0,0
BRDA:1431,79,1,0
BRDA:1451,80,0,0
BRDA:1453,81,0,0
BRDA:1453,82,0,0
BRDA:1453,82,1,0
BRDA:1459,83,0,0
BRDA:1470,84,0,0
BRDA:1479,85,0,0
BRDA:1528,86,0,0
BRDA:1528,86,1,0
BRDA:1530,87,0,0
BRDA:1530,87,1,0
BRDA:1533,88,0,0
BRDA:1533,88,1,0
BRDA:1555,89,0,0
BRDA:1555,89,1,0
BRDA:1569,90,0,0
BRDA:1593,91,0,0
BRDA:1596,92,0,0
BRDA:1596,93,0,0
BRDA:1596,93,1,0
BRDA:1601,94,0,0
BRDA:1610,95,0,0
BRDA:1638,96,0,0
BRDA:1638,96,1,0
BRDA:1646,97,0,0
BRDA:1649,98,0,0
BRDA:1649,99,0,0
BRDA:1649,99,1,0
BRDA:1654,100,0,0
BRDA:1660,101,0,0
BRDA:1660,102,0,0
BRDA:1660,102,1,0
BRDA:1666,103,0,0
BRDA:1694,104,0,0
BRDA:1694,104,1,0
BRDA:1702,105,0,0
BRDA:1702,105,1,0
BRDA:1703,106,0,0
BRDA:1703,106,1,0
BRDA:1704,107,0,0
BRDA:1704,107,1,0
BRDA:1705,108,0,0
BRDA:1705,108,1,0
BRDA:1706,109,0,0
BRDA:1706,109,1,0
BRDA:1707,110,0,0
BRDA:1707,110,1,0
BRDA:1708,111,0,0
BRDA:1708,111,1,0
BRDA:1742,112,0,0
BRDA:1772,113,0,0
BRDA:1778,114,0,0
BRDA:1786,115,0,0
BRDA:1786,116,0,0
BRDA:1786,116,1,0
BRDA:1786,116,2,0
BRDA:1786,116,3,0
BRDA:1812,117,0,0
BRDA:1812,117,1,0
BRDA:1831,118,0,0
BRDA:1835,119,0,0
BRDA:1835,119,1,0
BRDA:1867,120,0,0
BRDA:1867,120,1,0
BRDA:1884,121,0,0
BRDA:1896,122,0,0
BRDA:1902,123,0,0
BRDA:1950,124,0,0
BRDA:1956,125,0,0
BRDA:1962,126,0,0
BRDA:1962,127,0,0
BRDA:1962,127,1,0
BRDA:1975,128,0,0
BRDA:2009,129,0,0
BRDA:2031,130,0,0
BRDA:2071,131,0,0
BRDA:2079,132,0,0
BRF:199
BRH:0
end_of_record
TN:
SF:src/db/migrations/migrate.ts
FN:27,migrateWalletsToDatabase
FN:70,(anonymous_11)
FN:73,(anonymous_12)
FN:91,(anonymous_13)
FN:186,(anonymous_14)
FN:189,(anonymous_15)
FNF:6
FNH:0
FNDA:0,migrateWalletsToDatabase
FNDA:0,(anonymous_11)
FNDA:0,(anonymous_12)
FNDA:0,(anonymous_13)
FNDA:0,(anonymous_14)
FNDA:0,(anonymous_15)
DA:1,0
DA:2,0
DA:3,0
DA:4,0
DA:5,0
DA:7,0
DA:28,0
DA:29,0
DA:32,0
DA:35,0
DA:44,0
DA:45,0
DA:46,0
DA:47,0
DA:48,0
DA:49,0
DA:53,0
DA:54,0
DA:55,0
DA:56,0
DA:60,0
DA:62,0
DA:63,0
DA:64,0
DA:65,0
DA:66,0
DA:69,0
DA:70,0
DA:72,0
DA:73,0
DA:74,0
DA:75,0
DA:81,0
DA:85,0
DA:86,0
DA:87,0
DA:88,0
DA:89,0
DA:91,0
DA:92,0
DA:98,0
DA:103,0
DA:104,0
DA:107,0
DA:108,0
DA:115,0
DA:116,0
DA:117,0
DA:125,0
DA:126,0
DA:133,0
DA:134,0
DA:141,0
DA:142,0
DA:143,0
DA:150,0
DA:154,0
DA:157,0
DA:158,0
DA:159,0
DA:161,0
DA:162,0
DA:169,0
DA:170,0
DA:172,0
DA:173,0
DA:174,0
DA:176,0
DA:180,0
DA:181,0
DA:186,0
DA:187,0
DA:188,0
DA:190,0
DA:191,0
LF:75
LH:0
BRDA:44,0,0,0
BRDA:54,1,0,0
BRDA:63,2,0,0
BRDA:63,2,1,0
BRDA:72,3,0,0
BRDA:72,4,0,0
BRDA:72,4,1,0
BRDA:86,5,0,0
BRDA:103,6,0,0
BRF:9
BRH:0
end_of_record
TN:
SF:src/services/DatabaseService.ts
FN:10,(anonymous_1)
FN:25,(anonymous_2)
FN:30,(anonymous_3)
FN:37,(anonymous_4)
FN:47,(anonymous_5)
FNF:5
FNH:4
FNDA:6,(anonymous_1)
FNDA:0,(anonymous_2)
FNDA:7,(anonymous_3)
FNDA:3,(anonymous_4)
FNDA:1,(anonymous_5)
DA:1,3
DA:2,3
DA:4,3
DA:6,3
DA:11,6
DA:22,6
DA:25,6
DA:26,0
DA:31,7
DA:32,6
DA:34,7
DA:38,3
DA:39,3
DA:40,2
DA:42,1
DA:43,1
DA:48,1
LF:17
LH:16
BRDA:15,0,0,6
BRDA:15,0,1,0
BRDA:17,1,0,0
BRDA:17,1,1,6
BRDA:31,2,0,6
BRF:5
BRH:3
end_of_record
TN:
SF:src/services/LookupTableService.ts
FN:19,(anonymous_0)
FN:30,(anonymous_1)
FN:62,(anonymous_2)
FN:94,(anonymous_3)
FN:124,(anonymous_4)
FN:133,(anonymous_5)
FN:152,(anonymous_6)
FN:202,(anonymous_7)
FN:222,(anonymous_8)
FN:235,(anonymous_9)
FN:237,(anonymous_10)
FNF:11
FNH:1
FNDA:4,(anonymous_0)
FNDA:0,(anonymous_1)
FNDA:0,(anonymous_2)
FNDA:0,(anonymous_3)
FNDA:0,(anonymous_4)
FNDA:0,(anonymous_5)
FNDA:0,(anonymous_6)
FNDA:0,(anonymous_7)
FNDA:0,(anonymous_8)
FNDA:0,(anonymous_9)
FNDA:0,(anonymous_10)
DA:1,1
DA:16,1
DA:20,4
DA:35,0
DA:37,0
DA:38,0
DA:40,0
DA:41,0
DA:44,0
DA:48,0
DA:49,0
DA:51,0
DA:52,0
DA:54,0
DA:55,0
DA:56,0
DA:58,0
DA:59,0
DA:60,0
DA:61,0
DA:62,0
DA:67,0
DA:68,0
DA:72,0
DA:79,0
DA:82,0
DA:89,0
DA:90,0
DA:93,0
DA:94,0
DA:97,0
DA:98,0
DA:99,0
DA:102,0
DA:110,0
DA:112,0
DA:113,0
DA:120,0
DA:121,0
DA:124,0
DA:126,0
DA:127,0
DA:132,0
DA:133,0
DA:136,0
DA:138,0
DA:140,0
DA:141,0
DA:157,0
DA:158,0
DA:163,0
DA:166,0
DA:169,0
DA:175,0
DA:178,0
DA:181,0
DA:184,0
DA:190,0
DA:192,0
DA:193,0
DA:203,0
DA:204,0
DA:206,0
DA:207,0
DA:208,0
DA:212,0
DA:213,0
DA:216,0
DA:218,0
DA:219,0
DA:220,0
DA:221,0
DA:222,0
DA:227,0
DA:236,0
DA:237,0
LF:76
LH:3
BRDA:19,0,0,4
BRDA:33,1,0,0
BRDA:40,2,0,0
BRDA:44,3,0,0
BRDA:44,3,1,0
BRDA:60,4,0,0
BRDA:67,5,0,0
BRDA:67,6,0,0
BRDA:67,6,1,0
BRDA:212,7,0,0
BRDA:212,8,0,0
BRDA:212,8,1,0
BRDA:220,9,0,0
BRDA:227,10,0,0
BRDA:227,10,1,0
BRF:15
BRH:1
end_of_record
TN:
SF:src/services/PumpFunService.ts
FN:74,(anonymous_1)
FN:84,(anonymous_2)
FN:98,(anonymous_3)
FN:114,(anonymous_4)
FN:142,(anonymous_5)
FN:359,(anonymous_6)
FN:378,(anonymous_7)
FN:400,(anonymous_8)
FN:519,(anonymous_9)
FN:609,(anonymous_10)
FN:725,(anonymous_11)
FNF:11
FNH:4
FNDA:6,(anonymous_1)
FNDA:0,(anonymous_2)
FNDA:0,(anonymous_3)
FNDA:0,(anonymous_4)
FNDA:0,(anonymous_5)
FNDA:0,(anonymous_6)
FNDA:0,(anonymous_7)
FNDA:2,(anonymous_8)
FNDA:0,(anonymous_9)
FNDA:2,(anonymous_10)
FNDA:1,(anonymous_11)
DA:1,1
DA:12,1
DA:18,1
DA:19,1
DA:20,1
DA:22,1
DA:25,1
DA:26,1
DA:27,1
DA:28,1
DA:31,1
DA:32,1
DA:33,1
DA:36,1
DA:68,1
DA:71,6
DA:75,6
DA:76,6
DA:77,6
DA:85,0
DA:86,0
DA:87,0
DA:89,0
DA:99,0
DA:100,0
DA:101,0
DA:104,0
DA:106,0
DA:107,0
DA:115,0
DA:116,0
DA:117,0
DA:124,0
DA:126,0
DA:127,0
DA:152,0
DA:153,0
DA:155,0
DA:156,0
DA:158,0
DA:159,0
DA:162,0
DA:163,0
DA:164,0
DA:168,0
DA:169,0
DA:171,0
DA:172,0
DA:176,0
DA:196,0
DA:198,0
DA:199,0
DA:200,0
DA:201,0
DA:203,0
DA:207,0
DA:210,0
DA:211,0
DA:212,0
DA:215,0
DA:216,0
DA:217,0
DA:218,0
DA:220,0
DA:224,0
DA:225,0
DA:229,0
DA:230,0
DA:233,0
DA:239,0
DA:245,0
DA:254,0
DA:260,0
DA:270,0
DA:273,0
DA:274,0
DA:275,0
DA:277,0
DA:278,0
DA:279,0
DA:281,0
DA:282,0
DA:283,0
DA:286,0
DA:298,0
DA:299,0
DA:300,0
DA:301,0
DA:302,0
DA:303,0
DA:306,0
DA:307,0
DA:308,0
DA:309,0
DA:310,0
DA:311,0
DA:312,0
DA:313,0
DA:314,0
DA:316,0
DA:317,0
DA:318,0
DA:319,0
DA:322,0
DA:344,0
DA:345,0
DA:347,0
DA:354,0
DA:355,0
DA:356,0
DA:359,0
DA:360,0
DA:362,0
DA:372,0
DA:373,0
DA:379,0
DA:383,0
DA:384,0
DA:386,0
DA:387,0
DA:388,0
DA:389,0
DA:406,2
DA:408,2
DA:409,2
DA:412,2
DA:418,2
DA:419,2
DA:426,2
DA:429,2
DA:430,2
DA:431,2
DA:432,2
DA:443,2
DA:444,2
DA:445,2
DA:446,2
DA:449,2
DA:450,2
DA:451,2
DA:452,2
DA:455,2
DA:461,2
DA:467,2
DA:486,2
DA:489,2
DA:490,2
DA:491,2
DA:493,2
DA:494,2
DA:504,1
DA:505,1
DA:507,1
DA:508,1
DA:509,0
DA:511,1
DA:512,1
DA:520,0
DA:522,0
DA:523,0
DA:525,0
DA:526,0
DA:528,0
DA:529,0
DA:531,0
DA:532,0
DA:537,0
DA:538,0
DA:539,0
DA:540,0
DA:542,0
DA:544,0
DA:545,0
DA:546,0
DA:551,0
DA:552,0
DA:553,0
DA:555,0
DA:556,0
DA:560,0
DA:561,0
DA:562,0
DA:563,0
DA:564,0
DA:565,0
DA:566,0
DA:567,0
DA:569,0
DA:581,0
DA:582,0
DA:583,0
DA:591,0
DA:597,0
DA:598,0
DA:614,2
DA:616,2
DA:617,2
DA:620,2
DA:626,2
DA:627,2
DA:634,2
DA:635,2
DA:636,0
DA:640,2
DA:641,2
DA:642,0
DA:644,2
DA:645,2
DA:646,2
DA:648,2
DA:649,1
DA:656,1
DA:659,1
DA:660,1
DA:661,1
DA:663,1
DA:667,1
DA:668,1
DA:671,1
DA:690,1
DA:693,1
DA:694,1
DA:695,1
DA:697,1
DA:698,1
DA:708,1
DA:709,1
DA:711,1
DA:712,1
DA:713,0
DA:715,1
DA:716,1
DA:729,1
DA:731,1
DA:732,1
DA:735,1
DA:736,1
DA:737,23
DA:738,23
DA:741,23
DA:742,23
DA:743,23
DA:744,23
DA:745,23
DA:746,23
DA:749,0
DA:750,0
DA:752,0
DA:753,0
DA:754,0
DA:755,0
DA:756,0
DA:757,0
DA:758,0
DA:761,0
DA:767,0
DA:768,0
DA:770,0
DA:773,0
DA:774,0
DA:777,0
DA:778,0
DA:783,1
DA:784,1
DA:785,75
DA:786,75
DA:789,75
DA:790,75
DA:791,75
DA:792,75
DA:793,75
DA:794,75
DA:797,0
DA:798,0
DA:800,0
DA:801,0
DA:802,0
DA:803,0
DA:804,0
DA:805,0
DA:806,0
DA:809,0
DA:815,0
DA:816,0
DA:818,0
DA:821,0
DA:822,0
DA:825,0
DA:826,0
DA:830,1
DA:831,1
DA:833,0
DA:834,0
LF:293
LH:113
BRDA:74,0,0,6
BRDA:86,1,0,0
BRDA:152,2,0,0
BRDA:152,3,0,0
BRDA:152,3,1,0
BRDA:155,4,0,0
BRDA:155,5,0,0
BRDA:155,5,1,0
BRDA:158,6,0,0
BRDA:158,7,0,0
BRDA:158,7,1,0
BRDA:163,8,0,0
BRDA:171,9,0,0
BRDA:198,10,0,0
BRDA:198,10,1,0
BRDA:224,11,0,0
BRDA:224,12,0,0
BRDA:224,12,1,0
BRDA:384,13,0,0
BRDA:430,14,0,2
BRDA:508,15,0,0
BRDA:508,16,0,1
BRDA:508,16,1,1
BRDA:508,16,2,1
BRDA:511,17,0,1
BRDA:511,17,1,0
BRDA:522,18,0,0
BRDA:522,19,0,0
BRDA:522,19,1,0
BRDA:525,20,0,0
BRDA:525,21,0,0
BRDA:525,21,1,0
BRDA:528,22,0,0
BRDA:528,23,0,0
BRDA:528,23,1,0
BRDA:531,24,0,0
BRDA:537,25,0,0
BRDA:537,25,1,0
BRDA:539,26,0,0
BRDA:545,27,0,0
BRDA:555,28,0,0
BRDA:564,29,0,0
BRDA:564,29,1,0
BRDA:565,30,0,0
BRDA:565,30,1,0
BRDA:566,31,0,0
BRDA:566,31,1,0
BRDA:574,32,0,0
BRDA:574,32,1,0
BRDA:575,33,0,0
BRDA:575,33,1,0
BRDA:576,34,0,0
BRDA:576,34,1,0
BRDA:581,35,0,0
BRDA:581,36,0,0
BRDA:581,36,1,0
BRDA:635,37,0,0
BRDA:641,38,0,0
BRDA:641,39,0,2
BRDA:641,39,1,2
BRDA:648,40,0,1
BRDA:712,41,0,0
BRDA:712,42,0,1
BRDA:712,42,1,1
BRDA:712,42,2,1
BRDA:715,43,0,1
BRDA:715,43,1,0
BRDA:737,44,0,23
BRDA:744,45,0,23
BRDA:755,46,0,0
BRDA:755,46,1,0
BRDA:755,47,0,0
BRDA:755,47,1,0
BRDA:755,47,2,0
BRDA:757,48,0,0
BRDA:778,49,0,0
BRDA:778,49,1,0
BRDA:785,50,0,75
BRDA:792,51,0,75
BRDA:803,52,0,0
BRDA:803,52,1,0
BRDA:803,53,0,0
BRDA:803,53,1,0
BRDA:803,53,2,0
BRDA:805,54,0,0
BRDA:826,55,0,0
BRDA:826,55,1,0
BRF:87
BRH:17
end_of_record
TN:
SF:src/services/TokenCreationService.ts
FN:27,(anonymous_0)
FN:31,(anonymous_1)
FN:35,(anonymous_2)
FNF:3
FNH:0
FNDA:0,(anonymous_0)
FNDA:0,(anonymous_1)
FNDA:0,(anonymous_2)
DA:1,0
DA:11,0
DA:21,0
DA:23,0
DA:24,0
DA:25,0
DA:28,0
DA:32,0
DA:40,0
DA:41,0
DA:44,0
DA:46,0
DA:52,0
DA:59,0
DA:60,0
DA:63,0
DA:72,0
DA:80,0
DA:81,0
DA:84,0
DA:93,0
DA:119,0
DA:127,0
DA:135,0
DA:138,0
DA:151,0
DA:152,0
DA:155,0
DA:156,0
DA:157,0
DA:161,0
DA:162,0
DA:164,0
DA:166,0
DA:167,0
LF:35
LH:0
BRDA:40,0,0,0
BRDA:156,1,0,0
BRDA:167,2,0,0
BRDA:167,2,1,0
BRF:4
BRH:0
end_of_record
TN:
SF:src/services/TokenHistoryService.ts
FN:20,(anonymous_9)
FN:26,(anonymous_10)
FN:38,(anonymous_11)
FN:42,(anonymous_12)
FN:49,(anonymous_13)
FN:53,(anonymous_14)
FN:67,(anonymous_15)
FN:72,(anonymous_16)
FNF:8
FNH:0
FNDA:0,(anonymous_9)
FNDA:0,(anonymous_10)
FNDA:0,(anonymous_11)
FNDA:0,(anonymous_12)
FNDA:0,(anonymous_13)
FNDA:0,(anonymous_14)
FNDA:0,(anonymous_15)
FNDA:0,(anonymous_16)
DA:1,0
DA:2,0
DA:5,0
DA:6,0
DA:7,0
DA:8,0
DA:15,0
DA:18,0
DA:21,0
DA:22,0
DA:23,0
DA:27,0
DA:29,0
DA:30,0
DA:31,0
DA:34,0
DA:39,0
DA:43,0
DA:44,0
DA:46,0
DA:50,0
DA:54,0
DA:55,0
DA:56,0
DA:61,0
DA:63,0
DA:68,0
DA:69,0
DA:72,0
DA:74,0
DA:75,0
DA:76,0
DA:80,0
DA:86,0
DA:88,0
DA:90,0
LF:36
LH:0
BRDA:20,0,0,0
BRDA:29,1,0,0
BRDA:43,2,0,0
BRDA:50,3,0,0
BRDA:50,3,1,0
BRDA:74,4,0,0
BRF:6
BRH:0
end_of_record
TN:
SF:src/services/TransactionService.ts
FN:34,(anonymous_0)
FN:41,(anonymous_1)
FN:46,(anonymous_2)
FN:56,(anonymous_3)
FN:70,(anonymous_4)
FN:75,(anonymous_5)
FN:124,(anonymous_6)
FN:175,(anonymous_7)
FN:193,(anonymous_8)
FN:194,(anonymous_9)
FN:203,(anonymous_10)
FN:204,(anonymous_11)
FN:222,(anonymous_12)
FN:230,(anonymous_13)
FN:248,(anonymous_14)
FN:260,(anonymous_15)
FNF:16
FNH:0
FNDA:0,(anonymous_0)
FNDA:0,(anonymous_1)
FNDA:0,(anonymous_2)
FNDA:0,(anonymous_3)
FNDA:0,(anonymous_4)
FNDA:0,(anonymous_5)
FNDA:0,(anonymous_6)
FNDA:0,(anonymous_7)
FNDA:0,(anonymous_8)
FNDA:0,(anonymous_9)
FNDA:0,(anonymous_10)
FNDA:0,(anonymous_11)
FNDA:0,(anonymous_12)
FNDA:0,(anonymous_13)
FNDA:0,(anonymous_14)
FNDA:0,(anonymous_15)
DA:1,0
DA:15,0
DA:16,0
DA:26,0
DA:31,0
DA:32,0
DA:35,0
DA:36,0
DA:37,0
DA:38,0
DA:42,0
DA:43,0
DA:47,0
DA:48,0
DA:49,0
DA:51,0
DA:52,0
DA:57,0
DA:58,0
DA:59,0
DA:60,0
DA:62,0
DA:63,0
DA:65,0
DA:66,0
DA:72,0
DA:79,0
DA:80,0
DA:81,0
DA:83,0
DA:84,0
DA:87,0
DA:88,0
DA:90,0
DA:91,0
DA:92,0
DA:93,0
DA:96,0
DA:97,0
DA:100,0
DA:108,0
DA:114,0
DA:117,0
DA:119,0
DA:120,0
DA:129,0
DA:130,0
DA:131,0
DA:133,0
DA:134,0
DA:137,0
DA:138,0
DA:140,0
DA:141,0
DA:142,0
DA:143,0
DA:146,0
DA:147,0
DA:150,0
DA:158,0
DA:164,0
DA:167,0
DA:169,0
DA:170,0
DA:176,0
DA:177,0
DA:178,0
DA:182,0
DA:189,0
DA:192,0
DA:193,0
DA:194,0
DA:202,0
DA:203,0
DA:204,0
DA:211,0
DA:212,0
DA:215,0
DA:216,0
DA:219,0
DA:221,0
DA:222,0
DA:223,0
DA:229,0
DA:230,0
DA:231,0
DA:237,0
DA:242,0
DA:243,0
DA:249,0
DA:253,0
DA:261,0
DA:262,0
DA:263,0
DA:264,0
DA:265,0
DA:267,0
DA:268,0
LF:98
LH:0
BRDA:34,0,0,0
BRDA:59,1,0,0
BRDA:83,2,0,0
BRDA:92,3,0,0
BRDA:96,4,0,0
BRDA:126,5,0,0
BRDA:133,6,0,0
BRDA:142,7,0,0
BRDA:146,8,0,0
BRDA:177,9,0,0
BRDA:193,10,0,0
BRDA:193,10,1,0
BRDA:198,11,0,0
BRDA:198,11,1,0
BRDA:203,12,0,0
BRDA:203,12,1,0
BRDA:208,13,0,0
BRDA:208,13,1,0
BRDA:211,14,0,0
BRDA:215,15,0,0
BRF:20
BRH:0
end_of_record
TN:
SF:src/services/WalletService.ts
FN:44,(anonymous_9)
FN:51,(anonymous_10)
FN:69,(anonymous_11)
FN:100,(anonymous_12)
FN:119,(anonymous_13)
FN:129,(anonymous_14)
FN:132,(anonymous_15)
FN:155,(anonymous_16)
FN:174,(anonymous_17)
FN:187,(anonymous_18)
FN:252,(anonymous_19)
FN:256,(anonymous_20)
FN:284,(anonymous_21)
FN:329,(anonymous_22)
FN:336,(anonymous_23)
FN:340,(anonymous_24)
FN:427,(anonymous_25)
FN:428,(anonymous_26)
FN:438,(anonymous_27)
FN:439,(anonymous_28)
FN:454,(anonymous_29)
FN:476,(anonymous_30)
FN:508,(anonymous_31)
FN:512,(anonymous_32)
FNF:24
FNH:6
FNDA:4,(anonymous_9)
FNDA:4,(anonymous_10)
FNDA:4,(anonymous_11)
FNDA:0,(anonymous_12)
FNDA:0,(anonymous_13)
FNDA:0,(anonymous_14)
FNDA:0,(anonymous_15)
FNDA:0,(anonymous_16)
FNDA:0,(anonymous_17)
FNDA:0,(anonymous_18)
FNDA:0,(anonymous_19)
FNDA:0,(anonymous_20)
FNDA:0,(anonymous_21)
FNDA:1,(anonymous_22)
FNDA:1,(anonymous_23)
FNDA:0,(anonymous_24)
FNDA:0,(anonymous_25)
FNDA:0,(anonymous_26)
FNDA:0,(anonymous_27)
FNDA:0,(anonymous_28)
FNDA:0,(anonymous_29)
FNDA:2,(anonymous_30)
FNDA:0,(anonymous_31)
FNDA:0,(anonymous_32)
DA:1,1
DA:2,1
DA:3,1
DA:4,1
DA:5,1
DA:7,1
DA:35,1
DA:36,4
DA:37,4
DA:39,4
DA:42,4
DA:45,4
DA:46,4
DA:47,4
DA:48,4
DA:52,4
DA:53,4
DA:54,4
DA:56,0
DA:59,4
DA:61,4
DA:62,4
DA:63,4
DA:64,4
DA:70,4
DA:71,4
DA:74,4
DA:82,4
DA:83,0
DA:84,0
DA:85,0
DA:86,0
DA:90,0
DA:92,0
DA:93,0
DA:94,0
DA:95,0
DA:96,0
DA:100,0
DA:101,0
DA:102,0
DA:103,0
DA:106,0
DA:107,0
DA:108,0
DA:112,0
DA:114,4
DA:115,4
DA:120,0
DA:122,0
DA:123,0
DA:124,0
DA:125,0
DA:128,0
DA:129,0
DA:131,0
DA:132,0
DA:133,0
DA:134,0
DA:135,0
DA:136,0
DA:139,0
DA:140,0
DA:141,0
DA:145,0
DA:146,0
DA:151,0
DA:152,0
DA:153,0
DA:155,0
DA:156,0
DA:157,0
DA:158,0
DA:160,0
DA:161,0
DA:162,0
DA:166,0
DA:169,0
DA:170,0
DA:175,0
DA:176,0
DA:177,0
DA:179,0
DA:182,0
DA:183,0
DA:188,0
DA:189,0
DA:192,0
DA:200,0
DA:201,0
DA:202,0
DA:203,0
DA:204,0
DA:208,0
DA:209,0
DA:210,0
DA:213,0
DA:216,0
DA:217,0
DA:219,0
DA:220,0
DA:221,0
DA:222,0
DA:223,0
DA:225,0
DA:237,0
DA:238,0
DA:240,0
DA:241,0
DA:242,0
DA:244,0
DA:247,0
DA:248,0
DA:253,0
DA:254,0
DA:256,0
DA:258,0
DA:259,0
DA:260,0
DA:261,0
DA:262,0
DA:264,0
DA:272,0
DA:273,0
DA:275,0
DA:276,0
DA:285,0
DA:287,0
DA:289,0
DA:292,0
DA:293,0
DA:295,0
DA:297,0
DA:298,0
DA:302,0
DA:303,0
DA:306,0
DA:307,0
DA:308,0
DA:317,0
DA:321,0
DA:330,1
DA:331,1
DA:333,0
DA:337,1
DA:341,0
DA:344,0
DA:345,0
DA:349,0
DA:357,0
DA:358,0
DA:359,0
DA:368,0
DA:369,0
DA:377,0
DA:378,0
DA:386,0
DA:387,0
DA:388,0
DA:397,0
DA:398,0
DA:408,0
DA:415,0
DA:416,0
DA:418,0
DA:426,0
DA:427,0
DA:428,0
DA:430,0
DA:437,0
DA:438,0
DA:439,0
DA:441,0
DA:447,0
DA:448,0
DA:453,0
DA:454,0
DA:455,0
DA:456,0
DA:457,0
DA:461,0
DA:462,0
DA:464,0
DA:467,0
DA:478,2
DA:479,1
DA:483,1
DA:484,0
DA:485,0
DA:490,0
DA:491,0
DA:492,0
DA:493,0
DA:496,0
DA:498,0
DA:501,0
DA:505,1
DA:509,0
DA:513,0
LF:199
LH:36
BRDA:53,0,0,4
BRDA:53,0,1,0
BRDA:61,1,0,4
BRDA:82,2,0,0
BRDA:92,3,0,0
BRDA:106,4,0,0
BRDA:123,5,0,0
BRDA:131,6,0,0
BRDA:131,7,0,0
BRDA:131,7,1,0
BRDA:139,8,0,0
BRDA:151,9,0,0
BRDA:160,10,0,0
BRDA:176,11,0,0
BRDA:176,11,1,0
BRDA:200,12,0,0
BRDA:219,13,0,0
BRDA:219,13,1,0
BRDA:220,14,0,0
BRDA:220,14,1,0
BRDA:220,15,0,0
BRDA:220,15,1,0
BRDA:221,16,0,0
BRDA:221,16,1,0
BRDA:222,17,0,0
BRDA:222,17,1,0
BRDA:258,18,0,0
BRDA:258,18,1,0
BRDA:259,19,0,0
BRDA:259,19,1,0
BRDA:259,20,0,0
BRDA:259,20,1,0
BRDA:260,21,0,0
BRDA:260,21,1,0
BRDA:261,22,0,0
BRDA:261,22,1,0
BRDA:285,23,0,0
BRDA:285,23,1,0
BRDA:306,24,0,0
BRDA:330,25,0,1
BRDA:333,26,0,0
BRDA:333,26,1,0
BRDA:340,27,0,0
BRDA:344,28,0,0
BRDA:415,29,0,0
BRDA:461,30,0,0
BRDA:461,30,1,0
BRDA:478,31,0,1
BRDA:479,32,0,1
BRDA:479,32,1,0
BRDA:483,33,0,0
BRDA:490,34,0,0
BRDA:509,35,0,0
BRDA:509,35,1,0
BRF:54
BRH:5
end_of_record
TN:
SF:src/services/WalletSetService.ts
FN:15,(anonymous_9)
FN:21,(anonymous_10)
FN:30,(anonymous_11)
FN:39,(anonymous_12)
FN:48,(anonymous_13)
FN:54,(anonymous_14)
FN:55,(anonymous_15)
FN:66,(anonymous_16)
FN:80,(anonymous_17)
FN:82,(anonymous_18)
FN:86,(anonymous_19)
FN:91,(anonymous_20)
FNF:12
FNH:0
FNDA:0,(anonymous_9)
FNDA:0,(anonymous_10)
FNDA:0,(anonymous_11)
FNDA:0,(anonymous_12)
FNDA:0,(anonymous_13)
FNDA:0,(anonymous_14)
FNDA:0,(anonymous_15)
FNDA:0,(anonymous_16)
FNDA:0,(anonymous_17)
FNDA:0,(anonymous_18)
FNDA:0,(anonymous_19)
FNDA:0,(anonymous_20)
DA:1,0
DA:2,0
DA:11,0
DA:16,0
DA:17,0
DA:18,0
DA:22,0
DA:23,0
DA:27,0
DA:28,0
DA:29,0
DA:30,0
DA:31,0
DA:40,0
DA:41,0
DA:49,0
DA:50,0
DA:53,0
DA:54,0
DA:55,0
DA:57,0
DA:58,0
DA:61,0
DA:62,0
DA:67,0
DA:69,0
DA:75,0
DA:76,0
DA:81,0
DA:82,0
DA:87,0
DA:92,0
DA:93,0
DA:94,0
DA:96,0
LF:35
LH:0
BRDA:22,0,0,0
BRDA:28,1,0,0
BRDA:57,2,0,0
BRDA:93,3,0,0
BRF:4
BRH:0
end_of_record
